<?xml version="1.0" encoding="UTF-8"?>
<coverage generated="1681294884165" clover="3.2.0">
  <project timestamp="1681294884165" name="All files">
    <metrics statements="27" coveredstatements="10" conditionals="8" coveredconditionals="0" methods="2" coveredmethods="0" elements="37" coveredelements="10" complexity="0" loc="27" ncloc="27" packages="2" files="2" classes="2"/>
    <package name="Helpers">
      <metrics statements="23" coveredstatements="6" conditionals="8" coveredconditionals="0" methods="2" coveredmethods="0"/>
      <file name="user.helper.js" path="E:\Web Development\Projects\CafeManagemenSystem\CafeManagementSystem_Backend\Helpers\user.helper.js">
        <metrics statements="23" coveredstatements="6" conditionals="8" coveredconditionals="0" methods="2" coveredmethods="0"/>
        <line num="1" count="1" type="stmt"/>
        <line num="2" count="1" type="stmt"/>
        <line num="3" count="1" type="stmt"/>
        <line num="4" count="1" type="stmt"/>
        <line num="10" count="1" type="stmt"/>
        <line num="12" count="0" type="stmt"/>
        <line num="17" count="0" type="stmt"/>
        <line num="18" count="0" type="stmt"/>
        <line num="21" count="0" type="cond" truecount="0" falsecount="4"/>
        <line num="22" count="0" type="stmt"/>
        <line num="23" count="0" type="stmt"/>
        <line num="24" count="0" type="cond" truecount="0" falsecount="2"/>
        <line num="25" count="0" type="stmt"/>
        <line num="30" count="0" type="stmt"/>
        <line num="37" count="0" type="stmt"/>
        <line num="47" count="1" type="stmt"/>
        <line num="49" count="0" type="stmt"/>
        <line num="53" count="0" type="cond" truecount="0" falsecount="2"/>
        <line num="54" count="0" type="stmt"/>
        <line num="58" count="0" type="stmt"/>
        <line num="59" count="0" type="stmt"/>
        <line num="61" count="0" type="stmt"/>
        <line num="69" count="0" type="stmt"/>
      </file>
    </package>
    <package name="Models">
      <metrics statements="4" coveredstatements="4" conditionals="0" coveredconditionals="0" methods="0" coveredmethods="0"/>
      <file name="user.model.js" path="E:\Web Development\Projects\CafeManagemenSystem\CafeManagementSystem_Backend\Models\user.model.js">
        <metrics statements="4" coveredstatements="4" conditionals="0" coveredconditionals="0" methods="0" coveredmethods="0"/>
        <line num="1" count="1" type="stmt"/>
        <line num="3" count="1" type="stmt"/>
        <line num="47" count="1" type="stmt"/>
        <line num="48" count="1" type="stmt"/>
      </file>
    </package>
  </project>
</coverage>
